# JRE version: OpenJDK Runtime Environment (8.0_242-b01) (build 1.8.0_242-release-1644-b01)
# Java VM: OpenJDK 64-Bit Server VM (25.242-b01 mixed mode windows-amd64 compressed oops)
Heap:
 PSYoungGen      total 595968K, used 274041K [0x00000000d5580000, 0x0000000100000000, 0x0000000100000000)
  eden space 487936K, 48% used [0x00000000d5580000,0x00000000e3b12df0,0x00000000f3200000)
  from space 108032K, 36% used [0x00000000f9680000,0x00000000fbc8b758,0x0000000100000000)
  to   space 102912K, 0% used [0x00000000f3200000,0x00000000f3200000,0x00000000f9680000)
 ParOldGen       total 631808K, used 488561K [0x0000000080000000, 0x00000000a6900000, 0x00000000d5580000)
  object space 631808K, 77% used [0x0000000080000000,0x000000009dd1c630,0x00000000a6900000)
 Metaspace       used 355509K, capacity 380762K, committed 380952K, reserved 1380352K
  class space    used 45107K, capacity 49876K, committed 49968K, reserved 1048576K
GC Heap History (10 events):
Event: 17481.472 GC heap before
{Heap before GC invocations=191 (full 14):
 PSYoungGen      total 593920K, used 510332K [0x00000000d5580000, 0x00000000ffc00000, 0x0000000100000000)
  eden space 498688K, 100% used [0x00000000d5580000,0x00000000f3c80000,0x00000000f3c80000)
  from space 95232K, 12% used [0x00000000f3c80000,0x00000000f47df208,0x00000000f9980000)
  to   space 90624K, 0% used [0x00000000fa380000,0x00000000fa380000,0x00000000ffc00000)
 ParOldGen       total 631808K, used 442436K [0x0000000080000000, 0x00000000a6900000, 0x00000000d5580000)
  object space 631808K, 70% used [0x0000000080000000,0x000000009b0111f0,0x00000000a6900000)
 Metaspace       used 344373K, capacity 368150K, committed 368280K, reserved 1370112K
  class space    used 43668K, capacity 48196K, committed 48304K, reserved 1048576K
Event: 17481.485 GC heap after
Heap after GC invocations=191 (full 14):
 PSYoungGen      total 594944K, used 7721K [0x00000000d5580000, 0x00000000ff380000, 0x0000000100000000)
  eden space 513024K, 0% used [0x00000000d5580000,0x00000000d5580000,0x00000000f4a80000)
  from space 81920K, 9% used [0x00000000fa380000,0x00000000fab0a568,0x00000000ff380000)
  to   space 86528K, 0% used [0x00000000f4a80000,0x00000000f4a80000,0x00000000f9f00000)
 ParOldGen       total 631808K, used 445119K [0x0000000080000000, 0x00000000a6900000, 0x00000000d5580000)
  object space 631808K, 70% used [0x0000000080000000,0x000000009b2afcc8,0x00000000a6900000)
 Metaspace       used 344373K, capacity 368150K, committed 368280K, reserved 1370112K
  class space    used 43668K, capacity 48196K, committed 48304K, reserved 1048576K
}
Event: 17492.584 GC heap before
{Heap before GC invocations=192 (full 14):
 PSYoungGen      total 594944K, used 520745K [0x00000000d5580000, 0x00000000ff380000, 0x0000000100000000)
  eden space 513024K, 100% used [0x00000000d5580000,0x00000000f4a80000,0x00000000f4a80000)
  from space 81920K, 9% used [0x00000000fa380000,0x00000000fab0a568,0x00000000ff380000)
  to   space 86528K, 0% used [0x00000000f4a80000,0x00000000f4a80000,0x00000000f9f00000)
 ParOldGen       total 631808K, used 445119K [0x0000000080000000, 0x00000000a6900000, 0x00000000d5580000)
  object space 631808K, 70% used [0x0000000080000000,0x000000009b2afcc8,0x00000000a6900000)
 Metaspace       used 344416K, capacity 368232K, committed 368536K, reserved 1370112K
  class space    used 43673K, capacity 48199K, committed 48304K, reserved 1048576K
Event: 17492.780 GC heap after
Heap after GC invocations=192 (full 14):
 PSYoungGen      total 599552K, used 86522K [0x00000000d5580000, 0x0000000100000000, 0x0000000100000000)
  eden space 513024K, 0% used [0x00000000d5580000,0x00000000d5580000,0x00000000f4a80000)
  from space 86528K, 99% used [0x00000000f4a80000,0x00000000f9efea18,0x00000000f9f00000)
  to   space 99328K, 0% used [0x00000000f9f00000,0x00000000f9f00000,0x0000000100000000)
 ParOldGen       total 631808K, used 461623K [0x0000000080000000, 0x00000000a6900000, 0x00000000d5580000)
  object space 631808K, 73% used [0x0000000080000000,0x000000009c2cdc28,0x00000000a6900000)
 Metaspace       used 344416K, capacity 368232K, committed 368536K, reserved 1370112K
  class space    used 43673K, capacity 48199K, committed 48304K, reserved 1048576K
}
Event: 17528.155 GC heap before
{Heap before GC invocations=193 (full 14):
 PSYoungGen      total 599552K, used 599546K [0x00000000d5580000, 0x0000000100000000, 0x0000000100000000)
  eden space 513024K, 100% used [0x00000000d5580000,0x00000000f4a80000,0x00000000f4a80000)
  from space 86528K, 99% used [0x00000000f4a80000,0x00000000f9efea18,0x00000000f9f00000)
  to   space 99328K, 0% used [0x00000000f9f00000,0x00000000f9f00000,0x0000000100000000)
 ParOldGen       total 631808K, used 461623K [0x0000000080000000, 0x00000000a6900000, 0x00000000d5580000)
  object space 631808K, 73% used [0x0000000080000000,0x000000009c2cdc28,0x00000000a6900000)
 Metaspace       used 344436K, capacity 368302K, committed 368536K, reserved 1370112K
  class space    used 43675K, capacity 48200K, committed 48304K, reserved 1048576K
Event: 17528.237 GC heap after
Heap after GC invocations=193 (full 14):
 PSYoungGen      total 589312K, used 15155K [0x00000000d5580000, 0x0000000100000000, 0x0000000100000000)
  eden space 489984K, 0% used [0x00000000d5580000,0x00000000d5580000,0x00000000f3400000)
  from space 99328K, 15% used [0x00000000f9f00000,0x00000000fadccd50,0x0000000100000000)
  to   space 104448K, 0% used [0x00000000f3400000,0x00000000f3400000,0x00000000f9a00000)
 ParOldGen       total 631808K, used 488545K [0x0000000080000000, 0x00000000a6900000, 0x00000000d5580000)
  object space 631808K, 77% used [0x0000000080000000,0x000000009dd18630,0x00000000a6900000)
 Metaspace       used 344436K, capacity 368302K, committed 368536K, reserved 1370112K
  class space    used 43675K, capacity 48200K, committed 48304K, reserved 1048576K
}
Event: 17544.752 GC heap before
{Heap before GC invocations=194 (full 14):
 PSYoungGen      total 589312K, used 505139K [0x00000000d5580000, 0x0000000100000000, 0x0000000100000000)
  eden space 489984K, 100% used [0x00000000d5580000,0x00000000f3400000,0x00000000f3400000)
  from space 99328K, 15% used [0x00000000f9f00000,0x00000000fadccd50,0x0000000100000000)
  to   space 104448K, 0% used [0x00000000f3400000,0x00000000f3400000,0x00000000f9a00000)
 ParOldGen       total 631808K, used 488545K [0x0000000080000000, 0x00000000a6900000, 0x00000000d5580000)
  object space 631808K, 77% used [0x0000000080000000,0x000000009dd18630,0x00000000a6900000)
 Metaspace       used 354609K, capacity 379486K, committed 379672K, reserved 1380352K
  class space    used 44985K, capacity 49708K, committed 49712K, reserved 1048576K
Event: 17544.812 GC heap after
Heap after GC invocations=194 (full 14):
 PSYoungGen      total 548352K, used 57929K [0x00000000d5580000, 0x0000000100000000, 0x0000000100000000)
  eden space 489984K, 0% used [0x00000000d5580000,0x00000000d5580000,0x00000000f3400000)
  from space 58368K, 99% used [0x00000000f3400000,0x00000000f6c927d0,0x00000000f6d00000)
  to   space 108032K, 0% used [0x00000000f9680000,0x00000000f9680000,0x0000000100000000)
 ParOldGen       total 631808K, used 488553K [0x0000000080000000, 0x00000000a6900000, 0x00000000d5580000)
  object space 631808K, 77% used [0x0000000080000000,0x000000009dd1a630,0x00000000a6900000)
 Metaspace       used 354609K, capacity 379486K, committed 379672K, reserved 1380352K
  class space    used 44985K, capacity 49708K, committed 49712K, reserved 1048576K
}
Event: 17577.680 GC heap before
{Heap before GC invocations=195 (full 14):
 PSYoungGen      total 548352K, used 547913K [0x00000000d5580000, 0x0000000100000000, 0x0000000100000000)
  eden space 489984K, 100% used [0x00000000d5580000,0x00000000f3400000,0x00000000f3400000)
  from space 58368K, 99% used [0x00000000f3400000,0x00000000f6c927d0,0x00000000f6d00000)
  to   space 108032K, 0% used [0x00000000f9680000,0x00000000f9680000,0x0000000100000000)
 ParOldGen       total 631808K, used 488553K [0x0000000080000000, 0x00000000a6900000, 0x00000000d5580000)
  object space 631808K, 77% used [0x0000000080000000,0x000000009dd1a630,0x00000000a6900000)
 Metaspace       used 355509K, capacity 380762K, committed 380952K, reserved 1380352K
  class space    used 45107K, capacity 49876K, committed 49968K, reserved 1048576K
Event: 17577.745 GC heap after
Heap after GC invocations=195 (full 14):
 PSYoungGen      total 595968K, used 38957K [0x00000000d5580000, 0x0000000100000000, 0x0000000100000000)
  eden space 487936K, 0% used [0x00000000d5580000,0x00000000d5580000,0x00000000f3200000)
  from space 108032K, 36% used [0x00000000f9680000,0x00000000fbc8b758,0x0000000100000000)
  to   space 102912K, 0% used [0x00000000f3200000,0x00000000f3200000,0x00000000f9680000)
 ParOldGen       total 631808K, used 488561K [0x0000000080000000, 0x00000000a6900000, 0x00000000d5580000)
  object space 631808K, 77% used [0x0000000080000000,0x000000009dd1c630,0x00000000a6900000)
 Metaspace       used 355509K, capacity 380762K, committed 380952K, reserved 1380352K
  class space    used 45107K, capacity 49876K, committed 49968K, reserved 1048576K
}

